<?xml version="1.0" encoding="UTF-8"?>
<testsuite xmlns:xsi="http://www.w3.org/2001/XMLSchema-instance" xsi:noNamespaceSchemaLocation="https://maven.apache.org/surefire/maven-surefire-plugin/xsd/surefire-test-report.xsd" version="3.0.2" name="com.jackbourner.tcpgateway.TcpGatewayApplicationTests" time="1.037" tests="6" errors="0" skipped="0" failures="0" flakes="0">
  <properties>
[...]
</properties>
  <testcase name="poolManagerKnowsConfiguredPools" classname="com.jackbourner.tcpgateway.TcpGatewayApplicationTests" time="0.376">
    <system-out><![CDATA[21:54:01.186 [main] INFO org.springframework.test.context.support.AnnotationConfigContextLoaderUtils -- Could not detect default configuration classes for test class [com.jackbourner.tcpgateway.TcpGatewayApplicationTests]: TcpGatewayApplicationTests does not declare any static, non-private, non-final, nested classes annotated with @Configuration.
21:54:01.227 [main] INFO org.springframework.boot.test.context.SpringBootTestContextBootstrapper -- Found @SpringBootConfiguration com.jackbourner.tcpgateway.TcpGatewayApplication for test class com.jackbourner.tcpgateway.TcpGatewayApplicationTests
21:54:01.256 [main] INFO org.springframework.test.context.support.AnnotationConfigContextLoaderUtils -- Could not detect default configuration classes for test class [com.jackbourner.tcpgateway.TcpGatewayApplicationTests]: TcpGatewayApplicationTests does not declare any static, non-private, non-final, nested classes annotated with @Configuration.
21:54:01.257 [main] INFO org.springframework.boot.test.context.SpringBootTestContextBootstrapper -- Found @SpringBootConfiguration com.jackbourner.tcpgateway.TcpGatewayApplication for test class com.jackbourner.tcpgateway.TcpGatewayApplicationTests

  .   ____          _            __ _ _
 /\\ / ___'_ __ _ _(_)_ __  __ _ \ \ \ \
( ( )\___ | '_ | '_| | '_ \/ _` | \ \ \ \
 \\/  ___)| |_)| | | | | || (_| |  ) ) ) )
  '  |____| .__|_| |_|_| |_\__, | / / / /
 =========|_|==============|___/=/_/_/_/

 :: Spring Boot ::                (v4.0.6)

2026-08-20T21:54:01.391+01:00  INFO 56065 --- [tcp-gateway] [           main] c.j.t.TcpGatewayApplicationTests         : Starting TcpGatewayApplicationTests using Java 25-ea with PID 56065 (started by jackbourner in /Users/jackbourner/Documents/github/tcp-stub)
2026-08-20T21:54:01.391+01:00 DEBUG 56065 --- [tcp-gateway] [           main] c.j.t.TcpGatewayApplicationTests         : Running with Spring Boot v4.0.6, Spring v7.0.7
2026-08-20T21:54:01.391+01:00  INFO 56065 --- [tcp-gateway] [           main] c.j.t.TcpGatewayApplicationTests         : The following 1 profile is active: "test"
2026-08-20T21:54:01.572+01:00  INFO 56065 --- [tcp-gateway] [           main] c.j.tcpgateway.pool.TcpConnectionPool    : Initialising TCP pool 'SIP_IN' → 127.0.0.1:19001 (1 connections)
2026-08-20T21:54:01.652+01:00 ERROR 56065 --- [tcp-gateway] [           main] i.n.r.d.DnsServerAddressStreamProviders  : Unable to load io.netty.resolver.dns.macos.MacOSDnsServerAddressStreamProvider, fallback to system defaults. This may result in incorrect DNS resolutions on MacOS. Check whether you have a dependency on 'io.netty:netty-resolver-dns-native-macos'. Use DEBUG level to see the full stack: java.lang.UnsatisfiedLinkError: failed to load the required native library
2026-08-20T21:54:01.714+01:00  INFO 56065 --- [tcp-gateway] [           main] c.j.tcpgateway.pool.TcpConnectionPool    : Initialising TCP pool 'SOP_IN' → 127.0.0.1:19002 (1 connections)
2026-08-20T21:54:01.715+01:00  INFO 56065 --- [tcp-gateway] [           main] c.j.tcpgateway.pool.TcpConnectionPool    : Initialising TCP pool 'OTH_IN' → localhost:9003 (2 connections)
2026-08-20T21:54:01.715+01:00  INFO 56065 --- [tcp-gateway] [           main] c.j.tcpgateway.pool.TcpConnectionPool    : Initialising TCP pool 'USM_IN' → localhost:9004 (1 connections)
2026-08-20T21:54:01.715+01:00  INFO 56065 --- [tcp-gateway] [           main] c.j.tcpgateway.pool.TcpConnectionPool    : Initialising TCP pool 'SIP_OUT' → localhost:9011 (5 connections)
2026-08-20T21:54:01.716+01:00  INFO 56065 --- [tcp-gateway] [           main] c.j.tcpgateway.pool.TcpConnectionPool    : Initialising TCP pool 'SOP_OUT' → localhost:9012 (3 connections)
2026-08-20T21:54:01.717+01:00  INFO 56065 --- [tcp-gateway] [           main] c.j.tcpgateway.pool.TcpConnectionPool    : Initialising TCP pool 'OTH_OUT' → localhost:9013 (2 connections)
2026-08-20T21:54:01.717+01:00  INFO 56065 --- [tcp-gateway] [           main] c.j.t.pool.TcpConnectionPoolManager      : TcpConnectionPoolManager initialised with 7 pool(s): [SIP_IN, SOP_IN, OTH_IN, USM_IN, SIP_OUT, SOP_OUT, OTH_OUT]
2026-08-20T21:54:01.727+01:00  WARN 56065 --- [tcp-gateway] [actor-tcp-nio-2] c.j.tcpgateway.pool.TcpConnectionPool    : Pool 'SIP_IN' connect failed: Connection refused: /127.0.0.1:19001 — retrying in PT5S
2026-08-20T21:54:01.727+01:00  WARN 56065 --- [tcp-gateway] [actor-tcp-nio-4] c.j.tcpgateway.pool.TcpConnectionPool    : Pool 'SOP_IN' connect failed: Connection refused: /127.0.0.1:19002 — retrying in PT5S
2026-08-20T21:54:01.733+01:00  INFO 56065 --- [tcp-gateway] [actor-tcp-nio-6] c.j.tcpgateway.pool.TcpConnectionPool    : Pool 'OTH_IN' connection established → localhost:9003
2026-08-20T21:54:01.733+01:00  INFO 56065 --- [tcp-gateway] [actor-tcp-nio-2] c.j.tcpgateway.pool.TcpConnectionPool    : Pool 'USM_IN' connection established → localhost:9004
2026-08-20T21:54:01.733+01:00  INFO 56065 --- [tcp-gateway] [actor-tcp-nio-8] c.j.tcpgateway.pool.TcpConnectionPool    : Pool 'OTH_IN' connection established → localhost:9003
2026-08-20T21:54:01.733+01:00  INFO 56065 --- [tcp-gateway] [actor-tcp-nio-4] c.j.tcpgateway.pool.TcpConnectionPool    : Pool 'SIP_OUT' connection established → localhost:9011
2026-08-20T21:54:01.739+01:00  INFO 56065 --- [tcp-gateway] [actor-tcp-nio-2] c.j.tcpgateway.pool.TcpConnectionPool    : Pool 'SOP_OUT' connection established → localhost:9012
2026-08-20T21:54:01.739+01:00  INFO 56065 --- [tcp-gateway] [actor-tcp-nio-4] c.j.tcpgateway.pool.TcpConnectionPool    : Pool 'OTH_OUT' connection established → localhost:9013
2026-08-20T21:54:01.739+01:00  INFO 56065 --- [tcp-gateway] [actor-tcp-nio-2] c.j.tcpgateway.pool.TcpConnectionPool    : Pool 'SIP_OUT' connection established → localhost:9011
2026-08-20T21:54:01.739+01:00  INFO 56065 --- [tcp-gateway] [actor-tcp-nio-6] c.j.tcpgateway.pool.TcpConnectionPool    : Pool 'OTH_OUT' connection established → localhost:9013
2026-08-20T21:54:01.739+01:00  INFO 56065 --- [tcp-gateway] [actor-tcp-nio-4] c.j.tcpgateway.pool.TcpConnectionPool    : Pool 'SIP_OUT' connection established → localhost:9011
2026-08-20T21:54:01.739+01:00  INFO 56065 --- [tcp-gateway] [actor-tcp-nio-6] c.j.tcpgateway.pool.TcpConnectionPool    : Pool 'SIP_OUT' connection established → localhost:9011
2026-08-20T21:54:01.739+01:00  INFO 56065 --- [tcp-gateway] [actor-tcp-nio-8] c.j.tcpgateway.pool.TcpConnectionPool    : Pool 'SOP_OUT' connection established → localhost:9012
2026-08-20T21:54:01.739+01:00  INFO 56065 --- [tcp-gateway] [actor-tcp-nio-6] c.j.tcpgateway.pool.TcpConnectionPool    : Pool 'SOP_OUT' connection established → localhost:9012
2026-08-20T21:54:01.739+01:00  INFO 56065 --- [tcp-gateway] [actor-tcp-nio-8] c.j.tcpgateway.pool.TcpConnectionPool    : Pool 'SIP_OUT' connection established → localhost:9011
2026-08-20T21:54:01.759+01:00  INFO 56065 --- [tcp-gateway] [           main] c.j.t.TcpGatewayApplicationTests         : Started TcpGatewayApplicationTests in 0.48 seconds (process running for 0.922)
]]></system-out>
    <system-err><![CDATA[SLF4J(W): Class path contains multiple SLF4J providers.
SLF4J(W): Found provider [ch.qos.logback.classic.spi.LogbackServiceProvider@4f25b795]
SLF4J(W): Found provider [org.apache.logging.slf4j.SLF4JServiceProvider@6fb365ed]
SLF4J(W): See https://www.slf4j.org/codes.html#multiple_bindings for an explanation.
SLF4J(I): Actual provider is of type [ch.qos.logback.classic.spi.LogbackServiceProvider@4f25b795]
Mockito is currently self-attaching to enable the inline-mock-maker. This will no longer work in future releases of the JDK. Please add Mockito as an agent to your build as described in Mockito's documentation: https://javadoc.io/doc/org.mockito/mockito-core/latest/org.mockito/org/mockito/Mockito.html#0.3
WARNING: A Java agent has been loaded dynamically (/Users/jackbourner/.m2/repository/net/bytebuddy/byte-buddy-agent/1.17.8/byte-buddy-agent-1.17.8.jar)
WARNING: If a serviceability tool is in use, please run with -XX:+EnableDynamicAgentLoading to hide this warning
WARNING: If a serviceability tool is not in use, please run with -Djdk.instrument.traceUsage for more information
WARNING: Dynamic loading of agents will be disallowed by default in a future release
]]></system-err>
  </testcase>
  <testcase name="correlationRegistry_registerCompleteRoundTrip" classname="com.jackbourner.tcpgateway.TcpGatewayApplicationTests" time="0.002"/>
  <testcase name="contextLoads" classname="com.jackbourner.tcpgateway.TcpGatewayApplicationTests" time="0.001"/>
  <testcase name="correlationRegistry_returnsFalseForUnknownId" classname="com.jackbourner.tcpgateway.TcpGatewayApplicationTests" time="0.001"/>
  <testcase name="poolManagerThrowsForUnknownPool" classname="com.jackbourner.tcpgateway.TcpGatewayApplicationTests" time="0.002"/>
  <testcase name="correlationRegistry_removeStopsCompletion" classname="com.jackbourner.tcpgateway.TcpGatewayApplicationTests" time="0.0"/>
</testsuite>